<?xml version="1.0" encoding="UTF-8"?>
<coverage generated="1665095293553" clover="3.2.0">
  <project timestamp="1665095293553" name="All files">
    <metrics statements="12" coveredstatements="10" conditionals="9" coveredconditionals="8" methods="4" coveredmethods="3" elements="25" coveredelements="21" complexity="0" loc="12" ncloc="12" packages="2" files="2" classes="2"/>
    <package name="Components.StartQuiz">
      <metrics statements="8" coveredstatements="6" conditionals="7" coveredconditionals="6" methods="3" coveredmethods="2"/>
      <file name="StartQuiz.tsx" path="C:\Users\matth\OneDrive\Desktop\Web_Dev_Projects\Triviara\src\Components\StartQuiz\StartQuiz.tsx">
        <metrics statements="8" coveredstatements="6" conditionals="7" coveredconditionals="6" methods="3" coveredmethods="2"/>
        <line num="1" count="1" type="stmt"/>
        <line num="2" count="1" type="stmt"/>
        <line num="4" count="1" type="stmt"/>
        <line num="13" count="3" type="stmt"/>
        <line num="19" count="9" type="stmt"/>
        <line num="22" count="0" type="stmt"/>
        <line num="23" count="0" type="stmt"/>
        <line num="48" count="1" type="stmt"/>
      </file>
    </package>
    <package name="Types">
      <metrics statements="4" coveredstatements="4" conditionals="2" coveredconditionals="2" methods="1" coveredmethods="1"/>
      <file name="types.ts" path="C:\Users\matth\OneDrive\Desktop\Web_Dev_Projects\Triviara\src\Types\types.ts">
        <metrics statements="4" coveredstatements="4" conditionals="2" coveredconditionals="2" methods="1" coveredmethods="1"/>
        <line num="3" count="1" type="cond" truecount="2" falsecount="0"/>
        <line num="4" count="1" type="stmt"/>
        <line num="5" count="1" type="stmt"/>
        <line num="6" count="1" type="stmt"/>
      </file>
    </package>
  </project>
</coverage>
