{"C:\\Users\\matth\\OneDrive\\Desktop\\Web_Dev_Projects\\Triviara\\src\\Components\\StartQuiz\\StartQuiz.tsx": {"path":"C:\\Users\\matth\\OneDrive\\Desktop\\Web_Dev_Projects\\Triviara\\src\\Components\\StartQuiz\\StartQuiz.tsx","statementMap":{"0":{"start":{"line":1,"column":0},"end":{"line":1,"column":26}},"1":{"start":{"line":2,"column":0},"end":{"line":2,"column":63}},"2":{"start":{"line":4,"column":18},"end":{"line":46,"column":1}},"3":{"start":{"line":13,"column":2},"end":{"line":45,"column":4}},"4":{"start":{"line":19,"column":10},"end":{"line":31,"column":12}},"5":{"start":{"line":22,"column":16},"end":{"line":22,"column":37}},"6":{"start":{"line":23,"column":16},"end":{"line":23,"column":35}},"7":{"start":{"line":48,"column":0},"end":{"line":48,"column":25}}},"fnMap":{"0":{"name":"(anonymous_1)","decl":{"start":{"line":4,"column":18},"end":{"line":4,"column":19}},"loc":{"start":{"line":12,"column":21},"end":{"line":46,"column":1}}},"1":{"name":"(anonymous_2)","decl":{"start":{"line":18,"column":40},"end":{"line":18,"column":41}},"loc":{"start":{"line":18,"column":62},"end":{"line":32,"column":9}}},"2":{"name":"(anonymous_3)","decl":{"start":{"line":21,"column":23},"end":{"line":21,"column":26}},"loc":{"start":{"line":21,"column":28},"end":{"line":24,"column":15}}}},"branchMap":{"0":{"loc":{"start":{"line":35,"column":7},"end":{"line":41,"column":14}},"type":"cond-expr","locations":[{"start":{"line":36,"column":8},"end":{"line":39,"column":null}},{"start":{"line":41,"column":10},"end":{"line":41,"column":14}}]},"1":{"loc":{"start":{"line":35,"column":7},"end":{"line":35,"column":70}},"type":"binary-expr","locations":[{"start":{"line":35,"column":7},"end":{"line":35,"column":15}},{"start":{"line":35,"column":20},"end":{"line":35,"column":28}},{"start":{"line":35,"column":32},"end":{"line":35,"column":69}}]},"2":{"loc":{"start":{"line":43,"column":7},"end":{"line":43,"column":59}},"type":"binary-expr","locations":[{"start":{"line":43,"column":7},"end":{"line":43,"column":16}},{"start":{"line":43,"column":20},"end":{"line":43,"column":59}}]}},"s":{"0":1,"1":1,"2":1,"3":3,"4":9,"5":0,"6":0,"7":1},"f":{"0":3,"1":9,"2":0},"b":{"0":[2,1],"1":[3,2,0],"2":[3,1]}}
,"C:\\Users\\matth\\OneDrive\\Desktop\\Web_Dev_Projects\\Triviara\\src\\Types\\types.ts": {"path":"C:\\Users\\matth\\OneDrive\\Desktop\\Web_Dev_Projects\\Triviara\\src\\Types\\types.ts","statementMap":{"0":{"start":{"line":3,"column":0},"end":{"line":3,"column":null}},"1":{"start":{"line":4,"column":2},"end":{"line":4,"column":null}},"2":{"start":{"line":5,"column":2},"end":{"line":5,"column":null}},"3":{"start":{"line":6,"column":2},"end":{"line":6,"column":null}}},"fnMap":{"0":{"name":"(anonymous_0)","decl":{"start":{"line":3,"column":0},"end":{"line":3,"column":12}},"loc":{"start":{"line":3,"column":22},"end":{"line":7,"column":1}}}},"branchMap":{"0":{"loc":{"start":{"line":3,"column":12},"end":{"line":3,"column":null}},"type":"binary-expr","locations":[{"start":{"line":3,"column":12},"end":{"line":3,"column":22}},{"start":{"line":3,"column":12},"end":{"line":3,"column":null}}]}},"s":{"0":1,"1":1,"2":1,"3":1},"f":{"0":1},"b":{"0":[1,1]}}
}
