TN:
SF:src\Components\StartQuiz\StartQuiz.tsx
FN:4,(anonymous_1)
FN:18,(anonymous_2)
FN:21,(anonymous_3)
FNF:3
FNH:2
FNDA:3,(anonymous_1)
FNDA:9,(anonymous_2)
FNDA:0,(anonymous_3)
DA:1,1
DA:2,1
DA:4,1
DA:13,3
DA:19,9
DA:22,0
DA:23,0
DA:48,1
LF:8
LH:6
BRDA:35,0,0,2
BRDA:35,0,1,1
BRDA:35,1,0,3
BRDA:35,1,1,2
BRDA:35,1,2,0
BRDA:43,2,0,3
BRDA:43,2,1,1
BRF:7
BRH:6
end_of_record
TN:
SF:src\Types\types.ts
FN:3,(anonymous_0)
FNF:1
FNH:1
FNDA:1,(anonymous_0)
DA:3,1
DA:4,1
DA:5,1
DA:6,1
LF:4
LH:4
BRDA:3,0,0,1
BRDA:3,0,1,1
BRF:2
BRH:2
end_of_record
